chmod: cannot access ‘fastqc’: No such file or directory
Failed to process /home/erikpa/Genome_Analysis_Project_2022/Analysis/test_6107524
java.io.FileNotFoundException: /home/erikpa/Genome_Analysis_Project_2022/Analysis/test_6107524 (Is a directory)
	at java.io.FileInputStream.open0(Native Method)
	at java.io.FileInputStream.open(FileInputStream.java:195)
	at java.io.FileInputStream.<init>(FileInputStream.java:138)
	at uk.ac.babraham.FastQC.Sequence.FastQFile.<init>(FastQFile.java:73)
	at uk.ac.babraham.FastQC.Sequence.SequenceFactory.getSequenceFile(SequenceFactory.java:87)
	at uk.ac.babraham.FastQC.Sequence.SequenceFactory.getSequenceFile(SequenceFactory.java:62)
	at uk.ac.babraham.FastQC.Analysis.OfflineRunner.processFile(OfflineRunner.java:159)
	at uk.ac.babraham.FastQC.Analysis.OfflineRunner.<init>(OfflineRunner.java:121)
	at uk.ac.babraham.FastQC.FastQCApplication.main(FastQCApplication.java:316)
Started analysis of ERR2036629_1.fastq.gz
Approx 5% complete for ERR2036629_1.fastq.gz
Approx 10% complete for ERR2036629_1.fastq.gz
Approx 15% complete for ERR2036629_1.fastq.gz
Approx 20% complete for ERR2036629_1.fastq.gz
Approx 25% complete for ERR2036629_1.fastq.gz
Approx 30% complete for ERR2036629_1.fastq.gz
Approx 35% complete for ERR2036629_1.fastq.gz
Approx 40% complete for ERR2036629_1.fastq.gz
Approx 45% complete for ERR2036629_1.fastq.gz
Approx 50% complete for ERR2036629_1.fastq.gz
Approx 55% complete for ERR2036629_1.fastq.gz
Approx 60% complete for ERR2036629_1.fastq.gz
Approx 65% complete for ERR2036629_1.fastq.gz
Approx 70% complete for ERR2036629_1.fastq.gz
Approx 75% complete for ERR2036629_1.fastq.gz
Approx 80% complete for ERR2036629_1.fastq.gz
Approx 85% complete for ERR2036629_1.fastq.gz
Approx 90% complete for ERR2036629_1.fastq.gz
Approx 95% complete for ERR2036629_1.fastq.gz
Analysis complete for ERR2036629_1.fastq.gz
Failed to process file ERR2036629_1.fastq.gz
java.io.FileNotFoundException: /home/erikpa/Genome_Analysis_Project_2022/Data/RNA_raw_data/ERR2036629_1_fastqc.zip (Permission denied)
	at java.io.FileOutputStream.open0(Native Method)
	at java.io.FileOutputStream.open(FileOutputStream.java:270)
	at java.io.FileOutputStream.<init>(FileOutputStream.java:213)
	at java.io.FileOutputStream.<init>(FileOutputStream.java:162)
	at uk.ac.babraham.FastQC.Report.HTMLReportArchive.<init>(HTMLReportArchive.java:80)
	at uk.ac.babraham.FastQC.Analysis.OfflineRunner.analysisComplete(OfflineRunner.java:185)
	at uk.ac.babraham.FastQC.Analysis.AnalysisRunner.run(AnalysisRunner.java:123)
	at java.lang.Thread.run(Thread.java:750)
